
ROM used:   27292/65536 (42%)
            27292/65536 (42%) including unused fragments

            4.4 Average locations per line
            11.5 Average locations per statement

RAM used:   1741/3648 (48%) at main() level
            2021/3648 (55%) worst case

Stack used: 5 worst case (3 in main + 2 for interrupts)
Stack size: 31

Lines Stmts  %   Files
----- ----- ---  -----
 1890  1233  52  DBIMessages.c
   43     0   0  DBIMessages.h
  932     0   0  C:\Program Files (x86)\PICC\Devices\18F26K80.h
 1352   359  15  C:\Program Files (x86)\PICC\Drivers\STDLIB.H
   32     0   0  C:\Program Files (x86)\PICC\Drivers\stddef.h
  435   129   5  C:\Program Files (x86)\PICC\Drivers\string.h
   28     0   0  C:\Program Files (x86)\PICC\Drivers\ctype.h
   73     0   0  Eeprom.h
  555   349  15  RS232_HOS.c
  152     0   0  RS232_HOS.h
  143    71   3  ActuadorRemoto.c
  228    84   4  MessageFromPC.c
  121    19   1  MessageFormServer.c
  236   105   4  Eeprom.c
   49    18   1  EntradaDigital.c
----- -----
 6269  2367 Total

Page ROM  %  RAM    Vol Diff  Functions:
---- --- --- ---    --- ----  ----------
0     30   0    7             @READ_PROGRAM_MEMORY
0     94   0   14             @MUL3232
0    112   0    4    101  3.8  rand
0     72   0    5             @DIV1616
0     18   0    4     39  2.1  srand
0     34   0    5             @MUL1616
0     48   0    1             @delay_ms1
0     10   0    0             @PUTCHARI_BIU_1
0     26   0    0             @GETCH_BIU_1
0     10   0    0             @PUTCHARI_BIU_2
0     26   0    0             @GETCH_BIU_2
0    202   0    0   1436  2.5  HOS_Init
0    330   1    1   1687  5.4  HOS_Set_Time
0    266   0    6   1454 10.8  HOS_Set_Buffer
0    142   0    9    955  5.6  SentThirdPartyDataStatusData
0    128   0    5    669  7.0  SentFreeFormatThirdPartyData
0    132   0    5    722  7.0  SentBinaryDataPacket
0     60   0    1    348  3.3  SentRequestDeviceDataMessage
0     60   0    1    307  2.8  SentDeviceDataACK
0      8   0    0     38  1.7  SentHandShakeRequest
0    130   0    7    792  5.0  SentHandshakeConfirmation
0     22   0    1     98  2.8  CheckSum
0    318   1   43   2333  5.9  GetParameters
0    404   1  267   1665  7.9  SentFormatMIMEPacket
0    142   0    0    841  4.4  Actuator_Init
0    316   1    1   1535  7.8  Actuator_SetTime
0     24   0    1    145  0.4  Actuator_Set_Value
0    278   1    3   1646  9.3  set_BufferPC
0     26   0    0             @MEMSET
0    542   1  279   2060  4.1  sendToPC
0     34   0    1             @SPRINTF
0     70   0    2             @PRINTF_X_1263
0     44   0    3             @DIV88
0    124   0    2             @PRINTF_U_1263
0    200   0   11    978  8.7  isFormatedMessage
0    422   1    3   1983  9.9  EepromInit
0    212   0   40    281  5.5  EepromSave
0     98   0   86    426  8.6  CompareStructs
0    334   1   58   1152 10.7  EeepromleerBloque
0    216   0   55    836  9.6  EepromEscribirBloque
0     54   0    7    453  5.1  EcribirEeprom
0     44   0    7    297  4.7  LeerEeprom
0     36   0    0    212  2.3  InputInit
0     72   0    1    328  4.7  InputSetTime
0     32   0    2    123  3.4  TIMER2_isr
0     22   0    1     84  2.3  RDA_isr
0     22   0    1     86  2.1  RDA2_isr
0    210   0    3   1432  5.4  setup
0  17530  32  460 107007 15.3  MAIN
0     22   0    0             @const1360
0     32   0    2             @PSTRINGC_1263
0     24   0    0             @const1362
0     22   0    0             @const1363
0     18   0    0             @const1364
0     28   0    0             @const1365
0     40   0    0             @const1366
0    148   0   13             @DIV3232
0     40   0    3             @PSTRINGCN_1263
0    190   0   12             @PRINTF_L32U_1263
0     36   0    0             @const1374
0     24   0    0             @const1375
0     22   0    0             @const1376
0     28   0    0             @const1377
0     24   0    0             @const1378
0     24   0    0             @const1379
0     40   0    0             @const1380
0     26   0    0             @const1381
0     24   0    0             @const1382
0     22   0    0             @const1383
0     28   0    0             @const1386
0     24   0    0             @const1387
0     24   0    0             @const1388
0     26   0    0             @const1389
0     42   0    0             @const1390
0      8   0    0             @const1391
0     26   0    0             @const1395
0     28   0    0             @const1396
0     30   0    0             @const1397
0     40   0    0             @const1398
0     44   0    0             @const1399
0     38   0    0             @const1400
0     32   0    0             @const1401
0     70   0    0             @const1404
0     20   0    0             @const1405
0     70   0    0             @const1406
0     20   0    0             @const1407
0     38   0    0             @const1408
0     44   0    0             @const1409
0     36   0    0             @const1410
0     14   0    0             @const1411
0     44   0    0             @const1412
0     38   0    0             @const1413
0     28   0    0             @const1414
0     18   0    0             @const1415
0     44   0    0             @const1416
0     20   0    0             @const1417
0     48   0    0             @const1418
0     24   0    0             @const1420
0     28   0    0             @const1421
0     24   0    0             @const1422
0     24   0    0             @const1423
0     12   0    0             @const1424
0     14   0    0             @const1425
0     16   0    0             @const1426
0     34   0    0             @const1427
0     32   0    0             @const1429
0     22   0    0             @const1430
0     14   0    0             @const1431
0     22   0    0             @const1432
0     24   0    0             @const1433
0     28   0    0             @const1434
0     18   0    0             @const1435
0     18   0    0             @const1436
0     18   0    0             @const1441
0     20   0    0             @const1442
0     18   0    0             @const1443
0     40   0    0             @const1445
0     40   0    0             @const1494
0     16   0    0             @const1495
0     40   0    0             @const1496
0     16   0    0             @const1497
0     56   0    0             @const1498
0     74   0    0             @const1499
0     24   0    0             @const1500
0     50   0    0             @const1501
0     26   0    0             @const1502
0     20   0    0             @const1503
0    202   0    9             @PRINTF_LU_1263
0     16   0    0             @const1506
0     36   0    0             @const1507
0     16   0    0             @const1508
0     16   0    0             @const1521
0     52   0    0             @const1524
0     12   0    0             @const1561
0     14   0    0             @const1562
0     32   0    0             @const1565
0     22   0    0             @const1566
0     16   0    0             @const1567
0     16   0    0             @const1568
0    274   1   39   1644  2.9  upDateVariables
 Inline         0             @cinit1

Program metrics:
    Functions               36
    Statements              2367
    Comments                1145
    Volume (V)              170234
    Difficulty (D)          200.9
    Effort to implement (E) 34199683
    Time to implement (T)   527 hours, 46 minutes
    Est Delivered Bugs (B)  35
    Cyclomatic Complexity   318
    Maintainability (MI)    89

 Segment     Used  Free
-----------  ----  ----
00000-00002     4  0  
00004-00006     0  4  
00008-000C4   190  0  
000C6-0FFFE  27098  38240  



